  WeaponInfo.cpp
  Pistol.cpp
  LaserBlaster.cpp
  GrenadeThrow.cpp
  TextEntity.cpp
  SpriteEntity.cpp
  SpatialPartition.cpp
c:\users\delfhin\desktop\agdev_assignment01\base\source\spatialpartition\spatialpartition.cpp(71): warning C4244: 'argument' : conversion from 'int' to 'const float', possible loss of data
c:\users\delfhin\desktop\agdev_assignment01\base\source\spatialpartition\spatialpartition.cpp(154): warning C4018: '<' : signed/unsigned mismatch
c:\users\delfhin\desktop\agdev_assignment01\base\source\spatialpartition\spatialpartition.cpp(178): warning C4244: 'argument' : conversion from 'int' to 'float', possible loss of data
c:\users\delfhin\desktop\agdev_assignment01\base\source\spatialpartition\spatialpartition.cpp(180): warning C4244: 'argument' : conversion from 'int' to 'float', possible loss of data
  Grid.cpp
c:\users\delfhin\desktop\agdev_assignment01\base\source\spatialpartition\grid.cpp(42): warning C4244: 'argument' : conversion from 'const int' to 'float', possible loss of data
c:\users\delfhin\desktop\agdev_assignment01\base\source\spatialpartition\grid.cpp(43): warning C4244: 'argument' : conversion from 'const int' to 'float', possible loss of data
c:\users\delfhin\desktop\agdev_assignment01\base\source\spatialpartition\grid.cpp(123): warning C4018: '<' : signed/unsigned mismatch
c:\users\delfhin\desktop\agdev_assignment01\base\source\spatialpartition\grid.cpp(136): warning C4018: '<' : signed/unsigned mismatch
c:\users\delfhin\desktop\agdev_assignment01\base\source\spatialpartition\grid.cpp(175): warning C4018: '<' : signed/unsigned mismatch
c:\users\delfhin\desktop\agdev_assignment01\base\source\spatialpartition\grid.cpp(204): warning C4018: '<' : signed/unsigned mismatch
  SkyBoxEntity.cpp
  SceneText.cpp
  UpdateTransformation.cpp
  Transform.cpp
  SceneNode.cpp
  SceneGraph.cpp
  Projectile.cpp
  Laser.cpp
  Grenade.cpp
c:\users\delfhin\desktop\agdev_assignment01\base\source\projectile\grenade.cpp(54): warning C4018: '<' : signed/unsigned mismatch
c:\users\delfhin\desktop\agdev_assignment01\base\source\projectile\grenade.cpp(71): warning C4244: '+=' : conversion from 'double' to 'float', possible loss of data
c:\users\delfhin\desktop\agdev_assignment01\base\source\projectile\grenade.cpp(75): warning C4244: 'argument' : conversion from 'double' to 'float', possible loss of data
  PlayerInfo.cpp
  OBJMesh.cpp
  main.cpp
  Generating Code...
  Compiling...
  Light.cpp
  LevelOfDetails.cpp
  GroundEntity.cpp
  GenericEntity.cpp
  FPSCamera.cpp
  EntityManager.cpp
  Application.cpp
  Generating Code...
Application.obj : warning LNK4075: ignoring '/EDITANDCONTINUE' due to '/OPT:LBR' specification
LINK : warning LNK4098: defaultlib 'MSVCRT' conflicts with use of other libs; use /NODEFAULTLIB:library
  Base.vcxproj -> C:\Users\Delfhin\Desktop\AGDEV_Assignment01\Debug\Base.exe
