d:\school\agdev_assignment01\base\debug\vc140.pdb
d:\school\agdev_assignment01\base\debug\vc140.idb
d:\school\agdev_assignment01\base\debug\playerinfo.obj
d:\school\agdev_assignment01\base\debug\grenade.obj
d:\school\agdev_assignment01\base\debug\laser.obj
d:\school\agdev_assignment01\base\debug\projectile.obj
d:\school\agdev_assignment01\base\debug\scenegraph.obj
d:\school\agdev_assignment01\base\debug\scenenode.obj
d:\school\agdev_assignment01\base\debug\transform.obj
d:\school\agdev_assignment01\base\debug\updatetransformation.obj
d:\school\agdev_assignment01\base\debug\scenetext.obj
d:\school\agdev_assignment01\base\debug\skyboxentity.obj
d:\school\agdev_assignment01\base\debug\grid.obj
d:\school\agdev_assignment01\base\debug\spatialpartition.obj
d:\school\agdev_assignment01\base\debug\spriteentity.obj
d:\school\agdev_assignment01\base\debug\textentity.obj
d:\school\agdev_assignment01\base\debug\waypoint.obj
d:\school\agdev_assignment01\base\debug\waypointmanager.obj
d:\school\agdev_assignment01\base\debug\grenadethrow.obj
d:\school\agdev_assignment01\base\debug\laserblaster.obj
d:\school\agdev_assignment01\base\debug\pistol.obj
d:\school\agdev_assignment01\base\debug\weaponinfo.obj
d:\school\agdev_assignment01\base\debug\application.obj
d:\school\agdev_assignment01\base\debug\assignment.obj
d:\school\agdev_assignment01\base\debug\enemy.obj
d:\school\agdev_assignment01\base\debug\androidrobots.obj
d:\school\agdev_assignment01\base\debug\entitymanager.obj
d:\school\agdev_assignment01\base\debug\fpscamera.obj
d:\school\agdev_assignment01\base\debug\introstate.obj
d:\school\agdev_assignment01\base\debug\menustate.obj
d:\school\agdev_assignment01\base\debug\genericentity.obj
d:\school\agdev_assignment01\base\debug\groundentity.obj
d:\school\agdev_assignment01\base\debug\levelofdetails.obj
d:\school\agdev_assignment01\base\debug\light.obj
d:\school\agdev_assignment01\base\debug\luainterface.obj
d:\school\agdev_assignment01\base\debug\main.obj
d:\school\agdev_assignment01\base\debug\objmesh.obj
d:\school\agdev_assignment01\base\debug\helpstate.obj
d:\school\agdev_assignment01\base\debug\pausestate.obj
d:\school\agdev_assignment01\debug\base.exe
d:\school\agdev_assignment01\debug\base.pdb
d:\school\agdev_assignment01\base\debug\base.tlog\cl.command.1.tlog
d:\school\agdev_assignment01\base\debug\base.tlog\cl.read.1.tlog
d:\school\agdev_assignment01\base\debug\base.tlog\cl.write.1.tlog
d:\school\agdev_assignment01\base\debug\base.tlog\link.command.1.tlog
d:\school\agdev_assignment01\base\debug\base.tlog\link.read.1.tlog
d:\school\agdev_assignment01\base\debug\base.tlog\link.write.1.tlog
